{
  "RSpec": {
    "coverage": {
      "/Users/apprentice/psrkl/DBC_PSRKL/app/helpers/application_helper.rb": [
        1,
        null
      ],
      "/Users/apprentice/psrkl/DBC_PSRKL/app/controllers/home_controller.rb": [
        1,
        1,
        null,
        null
      ],
      "/Users/apprentice/psrkl/DBC_PSRKL/app/controllers/application_controller.rb": [
        1,
        null,
        null,
        1,
        null
      ],
      "/Users/apprentice/psrkl/DBC_PSRKL/app/controllers/standings_controller.rb": [
        1,
        1,
        2,
        null,
        null
      ],
      "/Users/apprentice/psrkl/DBC_PSRKL/app/models/competitor.rb": [
        1,
        1,
        1,
        null,
        1,
        null,
        1,
        1,
        null,
        null,
        1,
        1,
        1,
        null,
        0,
        null,
        null,
        null,
        1,
        1,
        null,
        null,
        1,
        6,
        null,
        null,
        1,
        1,
        null,
        null,
        1,
        3,
        null,
        null,
        null
      ],
      "/Users/apprentice/psrkl/DBC_PSRKL/app/models/match.rb": [
        1,
        1,
        1,
        1,
        1,
        null,
        1,
        null,
        1,
        1,
        null,
        null,
        null
      ]
    },
    "timestamp": 1477529093
  }
}
